<?xml version="1.0" encoding="UTF-8"?>
<!-- Generated by org.testng.reporters.JUnitReportReporter -->
<testsuite name="ca.ia.TestClassTestNG" tests="4" time="24.385" ignored="0" failures="0" timestamp="09 Feb 2017 14:10:43 GMT" skipped="0" hostname="derevyanchenko-pc" errors="0">
  <testcase name="clickLoansLink" time="0.155" classname="ca.ia.TestClassTestNG"/>
  <testcase name="openIndividualsPage" time="6.658" classname="ca.ia.TestClassTestNG"/>
  <testcase name="loadFirstPage" time="17.444" classname="ca.ia.TestClassTestNG"/>
  <testcase name="clickMortgagesLink" time="0.128" classname="ca.ia.TestClassTestNG"/>
</testsuite> <!-- ca.ia.TestClassTestNG -->
