<?xml version="1.0" encoding="UTF-8"?>
<!-- Generated by org.testng.reporters.JUnitReportReporter -->
<testsuite name="ca.in.test.MainPage" tests="3" time="22.366" ignored="0" failures="0" timestamp="10 Feb 2017 12:18:43 GMT" skipped="0" hostname="derevyanchenko-pc" errors="0">
  <testcase name="openIndividualsPage" time="5.909" classname="ca.in.test.MainPage"/>
  <testcase name="clickLoansLink" time="0.208" classname="ca.in.test.MainPage"/>
  <testcase name="loadFirstPage" time="16.249" classname="ca.in.test.MainPage"/>
</testsuite> <!-- ca.in.test.MainPage -->
