<?xml version="1.0" encoding="UTF-8"?>
<!-- Generated by org.testng.reporters.JUnitReportReporter -->
<testsuite name="TestClassTestNG" tests="4" time="30.210" ignored="0" failures="0" timestamp="09 Feb 2017 13:50:37 GMT" skipped="0" hostname="derevyanchenko-pc" errors="0">
  <testcase name="clickLoansLink" time="0.154" classname="TestClassTestNG"/>
  <testcase name="openIndividualsPage" time="6.444" classname="TestClassTestNG"/>
  <testcase name="loadFirstPage" time="16.109" classname="TestClassTestNG"/>
  <testcase name="clickMortgagesLink" time="7.503" classname="TestClassTestNG"/>
</testsuite> <!-- TestClassTestNG -->
