<?xml version="1.0" encoding="UTF-8"?>
<!-- Generated by org.testng.reporters.JUnitReportReporter -->
<testsuite name="pages.InCaMainPage" tests="4" time="27.637" ignored="0" failures="0" timestamp="09 Feb 2017 16:40:14 GMT" skipped="0" hostname="derevyanchenko-pc" errors="0">
  <testcase name="clickMortgagesLink" time="6.398" classname="pages.InCaMainPage"/>
  <testcase name="clickLoansLink" time="0.249" classname="pages.InCaMainPage"/>
  <testcase name="loadFirstPage" time="14.716" classname="pages.InCaMainPage"/>
  <testcase name="openIndividualsPage" time="6.274" classname="pages.InCaMainPage"/>
</testsuite> <!-- pages.InCaMainPage -->
